<?xml version="1.0" encoding="UTF-8"?>
<!-- Generated by org.testng.reporters.JUnitReportReporter -->
<testsuite hostname="DESKTOP-O1LOCQ9" failures="0" tests="1" name="Tests.TestCase" time="3.790" errors="0" timestamp="2023-10-01T21:14:56 IST" skipped="0">
  <testcase classname="Tests.TestCase" name="RegisterUser" time="3.790"/>
</testsuite> <!-- Tests.TestCase -->
