<?xml version="1.0" encoding="UTF-8"?>
<!-- Generated by org.testng.reporters.JUnitReportReporter -->
<testsuite hostname="DESKTOP-O1LOCQ9" failures="0" tests="9" name="Tests.TestCase" time="38.166" errors="0" timestamp="2023-10-03T00:50:51 IST" skipped="0">
  <testcase classname="Tests.TestCase" name="LoginWithOrderMultipleProduct" time="1.909"/>
  <testcase classname="Tests.TestCase" name="AboutPageFunctionality" time="25.619"/>
  <testcase classname="Tests.TestCase" name="VerifyLoginAndLogOut" time="2.750"/>
  <testcase classname="Tests.TestCase" name="VerifyZtoASorting" time="0.878"/>
  <testcase classname="Tests.TestCase" name="AddAndRemoveProductAgainAddProduct" time="1.510"/>
  <testcase classname="Tests.TestCase" name="LoginWithOrderSingleProduct" time="2.326"/>
  <testcase classname="Tests.TestCase" name="VerifyAtoZSorting" time="0.891"/>
  <testcase classname="Tests.TestCase" name="LoginWithAddAndRemoveMultipleProduct" time="1.219"/>
  <testcase classname="Tests.TestCase" name="VerifyResetAppState" time="1.064"/>
</testsuite> <!-- Tests.TestCase -->
